[INFO] Scanning for projects...
[INFO] 
[INFO] ---------------------< com.airline:eureka-server >----------------------
[INFO] Building eureka-server 0.0.1-SNAPSHOT
[INFO]   from pom.xml
[INFO] --------------------------------[ jar ]---------------------------------
[INFO] 
[INFO] >>> spring-boot:3.2.1:run (default-cli) > test-compile @ eureka-server >>>
[INFO] 
[INFO] --- resources:3.3.1:resources (default-resources) @ eureka-server ---
[INFO] Copying 1 resource from src/main/resources to target/classes
[INFO] Copying 0 resource from src/main/resources to target/classes
[INFO] 
[INFO] --- compiler:3.11.0:compile (default-compile) @ eureka-server ---
[INFO] Nothing to compile - all classes are up to date
[INFO] 
[INFO] --- resources:3.3.1:testResources (default-testResources) @ eureka-server ---
[INFO] skip non existing resourceDirectory /Users/piyushkumar/Desktop/MS-PROJECT/eureka-server/src/test/resources
[INFO] 
[INFO] --- compiler:3.11.0:testCompile (default-testCompile) @ eureka-server ---
[INFO] No sources to compile
[INFO] 
[INFO] <<< spring-boot:3.2.1:run (default-cli) < test-compile @ eureka-server <<<
[INFO] 
[INFO] 
[INFO] --- spring-boot:3.2.1:run (default-cli) @ eureka-server ---
[INFO] Attaching agents: []

  .   ____          _            __ _ _
 /\\ / ___'_ __ _ _(_)_ __  __ _ \ \ \ \
( ( )\___ | '_ | '_| | '_ \/ _` | \ \ \ \
 \\/  ___)| |_)| | | | | || (_| |  ) ) ) )
  '  |____| .__|_| |_|_| |_\__, | / / / /
 =========|_|==============|___/=/_/_/_/
 :: Spring Boot ::                (v3.2.1)

2026-01-13T15:41:18.332+05:30  INFO 33070 --- [           main] c.a.eureka.EurekaServerApplication       : Starting EurekaServerApplication using Java 20.0.1 with PID 33070 (/Users/piyushkumar/Desktop/MS-PROJECT/eureka-server/target/classes started by piyushkumar in /Users/piyushkumar/Desktop/MS-PROJECT/eureka-server)
2026-01-13T15:41:18.333+05:30  INFO 33070 --- [           main] c.a.eureka.EurekaServerApplication       : No active profile set, falling back to 1 default profile: "default"
2026-01-13T15:41:18.973+05:30  INFO 33070 --- [           main] o.s.cloud.context.scope.GenericScope     : BeanFactory id=518f9ce7-d331-3309-9e3c-993627a4303d
2026-01-13T15:41:19.015+05:30  WARN 33070 --- [           main] trationDelegate$BeanPostProcessorChecker : Bean 'org.springframework.cloud.client.loadbalancer.LoadBalancerAutoConfiguration$LoadBalancerInterceptorConfig' of type [org.springframework.cloud.client.loadbalancer.LoadBalancerAutoConfiguration$LoadBalancerInterceptorConfig] is not eligible for getting processed by all BeanPostProcessors (for example: not eligible for auto-proxying). The currently created BeanPostProcessor [lbRestClientPostProcessor] is declared through a non-static factory method on that class; consider declaring it as static instead.
2026-01-13T15:41:19.017+05:30  WARN 33070 --- [           main] trationDelegate$BeanPostProcessorChecker : Bean 'org.springframework.cloud.loadbalancer.config.BlockingLoadBalancerClientAutoConfiguration' of type [org.springframework.cloud.loadbalancer.config.BlockingLoadBalancerClientAutoConfiguration] is not eligible for getting processed by all BeanPostProcessors (for example: not eligible for auto-proxying). Is this bean getting eagerly injected into a currently created BeanPostProcessor [lbRestClientPostProcessor]? Check the corresponding BeanPostProcessor declaration and its dependencies.
2026-01-13T15:41:19.018+05:30  WARN 33070 --- [           main] trationDelegate$BeanPostProcessorChecker : Bean 'org.springframework.cloud.loadbalancer.config.LoadBalancerAutoConfiguration' of type [org.springframework.cloud.loadbalancer.config.LoadBalancerAutoConfiguration] is not eligible for getting processed by all BeanPostProcessors (for example: not eligible for auto-proxying). Is this bean getting eagerly injected into a currently created BeanPostProcessor [lbRestClientPostProcessor]? Check the corresponding BeanPostProcessor declaration and its dependencies.
2026-01-13T15:41:19.023+05:30  WARN 33070 --- [           main] trationDelegate$BeanPostProcessorChecker : Bean 'org.springframework.cloud.commons.config.CommonsConfigAutoConfiguration' of type [org.springframework.cloud.commons.config.CommonsConfigAutoConfiguration] is not eligible for getting processed by all BeanPostProcessors (for example: not eligible for auto-proxying). Is this bean getting eagerly injected into a currently created BeanPostProcessor [lbRestClientPostProcessor]? Check the corresponding BeanPostProcessor declaration and its dependencies.
2026-01-13T15:41:19.024+05:30  WARN 33070 --- [           main] trationDelegate$BeanPostProcessorChecker : Bean 'org.springframework.cloud.client.loadbalancer.LoadBalancerDefaultMappingsProviderAutoConfiguration' of type [org.springframework.cloud.client.loadbalancer.LoadBalancerDefaultMappingsProviderAutoConfiguration] is not eligible for getting processed by all BeanPostProcessors (for example: not eligible for auto-proxying). Is this bean getting eagerly injected into a currently created BeanPostProcessor [lbRestClientPostProcessor]? Check the corresponding BeanPostProcessor declaration and its dependencies.
2026-01-13T15:41:19.024+05:30  WARN 33070 --- [           main] trationDelegate$BeanPostProcessorChecker : Bean 'loadBalancerClientsDefaultsMappingsProvider' of type [org.springframework.cloud.client.loadbalancer.LoadBalancerDefaultMappingsProviderAutoConfiguration$$Lambda$460/0x000000080131a798] is not eligible for getting processed by all BeanPostProcessors (for example: not eligible for auto-proxying). Is this bean getting eagerly injected into a currently created BeanPostProcessor [lbRestClientPostProcessor]? Check the corresponding BeanPostProcessor declaration and its dependencies.
2026-01-13T15:41:19.025+05:30  WARN 33070 --- [           main] trationDelegate$BeanPostProcessorChecker : Bean 'defaultsBindHandlerAdvisor' of type [org.springframework.cloud.commons.config.DefaultsBindHandlerAdvisor] is not eligible for getting processed by all BeanPostProcessors (for example: not eligible for auto-proxying). Is this bean getting eagerly injected into a currently created BeanPostProcessor [lbRestClientPostProcessor]? Check the corresponding BeanPostProcessor declaration and its dependencies.
2026-01-13T15:41:19.029+05:30  WARN 33070 --- [           main] trationDelegate$BeanPostProcessorChecker : Bean 'spring.cloud.loadbalancer-org.springframework.cloud.client.loadbalancer.LoadBalancerClientsProperties' of type [org.springframework.cloud.client.loadbalancer.LoadBalancerClientsProperties] is not eligible for getting processed by all BeanPostProcessors (for example: not eligible for auto-proxying). Is this bean getting eagerly injected into a currently created BeanPostProcessor [lbRestClientPostProcessor]? Check the corresponding BeanPostProcessor declaration and its dependencies.
2026-01-13T15:41:19.034+05:30  WARN 33070 --- [           main] trationDelegate$BeanPostProcessorChecker : Bean 'default.org.springframework.cloud.loadbalancer.config.LoadBalancerAutoConfiguration.LoadBalancerClientSpecification' of type [org.springframework.cloud.loadbalancer.annotation.LoadBalancerClientSpecification] is not eligible for getting processed by all BeanPostProcessors (for example: not eligible for auto-proxying). Is this bean getting eagerly injected into a currently created BeanPostProcessor [lbRestClientPostProcessor]? Check the corresponding BeanPostProcessor declaration and its dependencies.
2026-01-13T15:41:19.034+05:30  WARN 33070 --- [           main] trationDelegate$BeanPostProcessorChecker : Bean 'default.org.springframework.cloud.loadbalancer.config.BlockingLoadBalancerClientAutoConfiguration.LoadBalancerClientSpecification' of type [org.springframework.cloud.loadbalancer.annotation.LoadBalancerClientSpecification] is not eligible for getting processed by all BeanPostProcessors (for example: not eligible for auto-proxying). Is this bean getting eagerly injected into a currently created BeanPostProcessor [lbRestClientPostProcessor]? Check the corresponding BeanPostProcessor declaration and its dependencies.
2026-01-13T15:41:19.034+05:30  WARN 33070 --- [           main] trationDelegate$BeanPostProcessorChecker : Bean 'default.org.springframework.cloud.netflix.eureka.loadbalancer.LoadBalancerEurekaAutoConfiguration.LoadBalancerClientSpecification' of type [org.springframework.cloud.loadbalancer.annotation.LoadBalancerClientSpecification] is not eligible for getting processed by all BeanPostProcessors (for example: not eligible for auto-proxying). Is this bean getting eagerly injected into a currently created BeanPostProcessor [lbRestClientPostProcessor]? Check the corresponding BeanPostProcessor declaration and its dependencies.
2026-01-13T15:41:19.035+05:30  WARN 33070 --- [           main] trationDelegate$BeanPostProcessorChecker : Bean 'loadBalancerClientFactory' of type [org.springframework.cloud.loadbalancer.support.LoadBalancerClientFactory] is not eligible for getting processed by all BeanPostProcessors (for example: not eligible for auto-proxying). Is this bean getting eagerly injected into a currently created BeanPostProcessor [lbRestClientPostProcessor]? Check the corresponding BeanPostProcessor declaration and its dependencies.
2026-01-13T15:41:19.036+05:30  WARN 33070 --- [           main] trationDelegate$BeanPostProcessorChecker : Bean 'blockingLoadBalancerClient' of type [org.springframework.cloud.loadbalancer.blocking.client.BlockingLoadBalancerClient] is not eligible for getting processed by all BeanPostProcessors (for example: not eligible for auto-proxying). Is this bean getting eagerly injected into a currently created BeanPostProcessor [lbRestClientPostProcessor]? Check the corresponding BeanPostProcessor declaration and its dependencies.
2026-01-13T15:41:19.041+05:30  WARN 33070 --- [           main] trationDelegate$BeanPostProcessorChecker : Bean 'loadBalancerServiceInstanceCookieTransformer' of type [org.springframework.cloud.loadbalancer.core.LoadBalancerServiceInstanceCookieTransformer] is not eligible for getting processed by all BeanPostProcessors (for example: not eligible for auto-proxying). Is this bean getting eagerly injected into a currently created BeanPostProcessor [lbRestClientPostProcessor]? Check the corresponding BeanPostProcessor declaration and its dependencies.
2026-01-13T15:41:19.041+05:30  WARN 33070 --- [           main] trationDelegate$BeanPostProcessorChecker : Bean 'xForwarderHeadersTransformer' of type [org.springframework.cloud.loadbalancer.blocking.XForwardedHeadersTransformer] is not eligible for getting processed by all BeanPostProcessors (for example: not eligible for auto-proxying). Is this bean getting eagerly injected into a currently created BeanPostProcessor [lbRestClientPostProcessor]? Check the corresponding BeanPostProcessor declaration and its dependencies.
2026-01-13T15:41:19.042+05:30  WARN 33070 --- [           main] trationDelegate$BeanPostProcessorChecker : Bean 'org.springframework.cloud.client.loadbalancer.LoadBalancerAutoConfiguration' of type [org.springframework.cloud.client.loadbalancer.LoadBalancerAutoConfiguration] is not eligible for getting processed by all BeanPostProcessors (for example: not eligible for auto-proxying). Is this bean getting eagerly injected into a currently created BeanPostProcessor [lbRestClientPostProcessor]? Check the corresponding BeanPostProcessor declaration and its dependencies.
2026-01-13T15:41:19.043+05:30  WARN 33070 --- [           main] trationDelegate$BeanPostProcessorChecker : Bean 'loadBalancerRequestFactory' of type [org.springframework.cloud.client.loadbalancer.LoadBalancerRequestFactory] is not eligible for getting processed by all BeanPostProcessors (for example: not eligible for auto-proxying). Is this bean getting eagerly injected into a currently created BeanPostProcessor [lbRestClientPostProcessor]? Check the corresponding BeanPostProcessor declaration and its dependencies.
2026-01-13T15:41:19.043+05:30  WARN 33070 --- [           main] trationDelegate$BeanPostProcessorChecker : Bean 'loadBalancerInterceptor' of type [org.springframework.cloud.client.loadbalancer.LoadBalancerInterceptor] is not eligible for getting processed by all BeanPostProcessors (for example: not eligible for auto-proxying). Is this bean getting eagerly injected into a currently created BeanPostProcessor [lbRestClientPostProcessor]? Check the corresponding BeanPostProcessor declaration and its dependencies.
2026-01-13T15:41:19.194+05:30  INFO 33070 --- [           main] o.s.b.w.embedded.tomcat.TomcatWebServer  : Tomcat initialized with port 8761 (http)
2026-01-13T15:41:19.206+05:30  INFO 33070 --- [           main] o.apache.catalina.core.StandardService   : Starting service [Tomcat]
2026-01-13T15:41:19.206+05:30  INFO 33070 --- [           main] o.apache.catalina.core.StandardEngine    : Starting Servlet engine: [Apache Tomcat/10.1.17]
2026-01-13T15:41:19.277+05:30  INFO 33070 --- [           main] o.a.c.c.C.[Tomcat].[localhost].[/]       : Initializing Spring embedded WebApplicationContext
2026-01-13T15:41:19.277+05:30  INFO 33070 --- [           main] w.s.c.ServletWebServerApplicationContext : Root WebApplicationContext: initialization completed in 915 ms
2026-01-13T15:41:19.996+05:30  INFO 33070 --- [           main] c.n.d.provider.DiscoveryJerseyProvider   : Using JSON encoding codec LegacyJacksonJson
2026-01-13T15:41:19.997+05:30  INFO 33070 --- [           main] c.n.d.provider.DiscoveryJerseyProvider   : Using JSON decoding codec LegacyJacksonJson
2026-01-13T15:41:20.151+05:30  INFO 33070 --- [           main] c.n.d.provider.DiscoveryJerseyProvider   : Using XML encoding codec XStreamXml
2026-01-13T15:41:20.151+05:30  INFO 33070 --- [           main] c.n.d.provider.DiscoveryJerseyProvider   : Using XML decoding codec XStreamXml
2026-01-13T15:41:20.796+05:30  WARN 33070 --- [           main] iguration$LoadBalancerCaffeineWarnLogger : Spring Cloud LoadBalancer is currently working with the default cache. While this cache implementation is useful for development and tests, it's recommended to use Caffeine cache in production.You can switch to using Caffeine cache, by adding it and org.springframework.cache.caffeine.CaffeineCacheManager to the classpath.
2026-01-13T15:41:20.808+05:30  INFO 33070 --- [           main] o.s.c.n.eureka.InstanceInfoFactory       : Setting initial instance status as: STARTING
2026-01-13T15:41:20.825+05:30  INFO 33070 --- [           main] com.netflix.discovery.DiscoveryClient    : Initializing Eureka in region us-east-1
2026-01-13T15:41:20.825+05:30  INFO 33070 --- [           main] com.netflix.discovery.DiscoveryClient    : Client configured to neither register nor query for data.
2026-01-13T15:41:20.831+05:30  INFO 33070 --- [           main] com.netflix.discovery.DiscoveryClient    : Discovery Client initialized at timestamp 1768299080830 with initial instances count: 0
2026-01-13T15:41:20.854+05:30  INFO 33070 --- [           main] c.n.eureka.DefaultEurekaServerContext    : Initializing ...
2026-01-13T15:41:20.855+05:30  INFO 33070 --- [           main] c.n.eureka.cluster.PeerEurekaNodes       : Adding new peer nodes [http://localhost:8761/eureka/]
2026-01-13T15:41:20.949+05:30  INFO 33070 --- [           main] c.n.d.provider.DiscoveryJerseyProvider   : Using JSON encoding codec LegacyJacksonJson
2026-01-13T15:41:20.950+05:30  INFO 33070 --- [           main] c.n.d.provider.DiscoveryJerseyProvider   : Using JSON decoding codec LegacyJacksonJson
2026-01-13T15:41:20.950+05:30  INFO 33070 --- [           main] c.n.d.provider.DiscoveryJerseyProvider   : Using XML encoding codec XStreamXml
2026-01-13T15:41:20.950+05:30  INFO 33070 --- [           main] c.n.d.provider.DiscoveryJerseyProvider   : Using XML decoding codec XStreamXml
2026-01-13T15:41:21.033+05:30  INFO 33070 --- [           main] c.n.eureka.cluster.PeerEurekaNodes       : Replica node URL:  http://localhost:8761/eureka/
2026-01-13T15:41:21.036+05:30  INFO 33070 --- [           main] c.n.e.registry.AbstractInstanceRegistry  : Finished initializing remote region registries. All known remote regions: []
2026-01-13T15:41:21.037+05:30  INFO 33070 --- [           main] c.n.eureka.DefaultEurekaServerContext    : Initialized
2026-01-13T15:41:21.045+05:30  INFO 33070 --- [           main] o.s.b.a.e.web.EndpointLinksResolver      : Exposing 1 endpoint(s) beneath base path '/actuator'
2026-01-13T15:41:21.075+05:30  INFO 33070 --- [           main] o.s.c.n.e.s.EurekaServiceRegistry        : Registering application UNKNOWN with eureka with status UP
2026-01-13T15:41:21.082+05:30  INFO 33070 --- [       Thread-9] o.s.c.n.e.server.EurekaServerBootstrap   : isAws returned false
2026-01-13T15:41:21.082+05:30  INFO 33070 --- [       Thread-9] o.s.c.n.e.server.EurekaServerBootstrap   : Initialized server context
2026-01-13T15:41:21.083+05:30  INFO 33070 --- [       Thread-9] c.n.e.r.PeerAwareInstanceRegistryImpl    : Got 1 instances from neighboring DS node
2026-01-13T15:41:21.083+05:30  INFO 33070 --- [       Thread-9] c.n.e.r.PeerAwareInstanceRegistryImpl    : Renew threshold is: 1
2026-01-13T15:41:21.083+05:30  INFO 33070 --- [       Thread-9] c.n.e.r.PeerAwareInstanceRegistryImpl    : Changing status to UP
2026-01-13T15:41:21.087+05:30  INFO 33070 --- [       Thread-9] e.s.EurekaServerInitializerConfiguration : Started Eureka Server
2026-01-13T15:41:21.097+05:30  INFO 33070 --- [           main] o.s.b.w.embedded.tomcat.TomcatWebServer  : Tomcat started on port 8761 (http) with context path ''
2026-01-13T15:41:21.097+05:30  INFO 33070 --- [           main] .s.c.n.e.s.EurekaAutoServiceRegistration : Updating port to 8761
2026-01-13T15:41:21.115+05:30  INFO 33070 --- [           main] c.a.eureka.EurekaServerApplication       : Started EurekaServerApplication in 3.033 seconds (process running for 3.259)
2026-01-13T15:41:21.333+05:30  INFO 33070 --- [nio-8761-exec-1] o.a.c.c.C.[Tomcat].[localhost].[/]       : Initializing Spring DispatcherServlet 'dispatcherServlet'
2026-01-13T15:41:21.333+05:30  INFO 33070 --- [nio-8761-exec-1] o.s.web.servlet.DispatcherServlet        : Initializing Servlet 'dispatcherServlet'
2026-01-13T15:41:21.334+05:30  INFO 33070 --- [nio-8761-exec-1] o.s.web.servlet.DispatcherServlet        : Completed initialization in 1 ms
2026-01-13T15:41:21.384+05:30  WARN 33070 --- [nio-8761-exec-1] c.n.e.registry.AbstractInstanceRegistry  : DS: Registry: lease doesn't exist, registering resource: USER-MANAGEMENT-SERVICE - 192.168.29.221:user-management-service:8081
2026-01-13T15:41:21.384+05:30  WARN 33070 --- [nio-8761-exec-1] c.n.eureka.resources.InstanceResource    : Not Found (Renew): USER-MANAGEMENT-SERVICE - 192.168.29.221:user-management-service:8081
2026-01-13T15:41:21.438+05:30  INFO 33070 --- [nio-8761-exec-3] c.n.e.registry.AbstractInstanceRegistry  : Registered instance USER-MANAGEMENT-SERVICE/192.168.29.221:user-management-service:8081 with status UP (replication=false)
2026-01-13T15:41:21.438+05:30  INFO 33070 --- [nio-8761-exec-4] c.n.e.registry.AbstractInstanceRegistry  : Registered instance USER-MANAGEMENT-SERVICE/192.168.29.221:user-management-service:8081 with status UP (replication=false)
2026-01-13T15:41:22.033+05:30  INFO 33070 --- [nio-8761-exec-5] c.n.e.registry.AbstractInstanceRegistry  : Registered instance USER-MANAGEMENT-SERVICE/192.168.29.221:user-management-service:8081 with status UP (replication=true)
2026-01-13T15:41:40.115+05:30  WARN 33070 --- [nio-8761-exec-7] c.n.e.registry.AbstractInstanceRegistry  : DS: Registry: lease doesn't exist, registering resource: FLIGHT-MANAGEMENT-SERVICE - 192.168.29.221:flight-management-service:8082
2026-01-13T15:41:40.115+05:30  WARN 33070 --- [nio-8761-exec-7] c.n.eureka.resources.InstanceResource    : Not Found (Renew): FLIGHT-MANAGEMENT-SERVICE - 192.168.29.221:flight-management-service:8082
2026-01-13T15:41:40.121+05:30  INFO 33070 --- [nio-8761-exec-8] c.n.e.registry.AbstractInstanceRegistry  : Registered instance FLIGHT-MANAGEMENT-SERVICE/192.168.29.221:flight-management-service:8082 with status UP (replication=false)
2026-01-13T15:41:40.153+05:30  INFO 33070 --- [nio-8761-exec-9] c.n.e.registry.AbstractInstanceRegistry  : Registered instance FLIGHT-MANAGEMENT-SERVICE/192.168.29.221:flight-management-service:8082 with status UP (replication=false)
2026-01-13T15:41:40.671+05:30  INFO 33070 --- [io-8761-exec-10] c.n.e.registry.AbstractInstanceRegistry  : Registered instance FLIGHT-MANAGEMENT-SERVICE/192.168.29.221:flight-management-service:8082 with status UP (replication=true)
2026-01-13T15:42:21.087+05:30  INFO 33070 --- [a-EvictionTimer] c.n.e.registry.AbstractInstanceRegistry  : Running the evict task with compensationTime 0ms
2026-01-13T15:43:21.087+05:30  INFO 33070 --- [a-EvictionTimer] c.n.e.registry.AbstractInstanceRegistry  : Running the evict task with compensationTime 1ms
2026-01-13T15:44:21.091+05:30  INFO 33070 --- [a-EvictionTimer] c.n.e.registry.AbstractInstanceRegistry  : Running the evict task with compensationTime 4ms
2026-01-13T15:45:21.091+05:30  INFO 33070 --- [a-EvictionTimer] c.n.e.registry.AbstractInstanceRegistry  : Running the evict task with compensationTime 1ms
2026-01-13T15:46:21.091+05:30  INFO 33070 --- [a-EvictionTimer] c.n.e.registry.AbstractInstanceRegistry  : Running the evict task with compensationTime 1ms
2026-01-13T15:47:21.095+05:30  INFO 33070 --- [a-EvictionTimer] c.n.e.registry.AbstractInstanceRegistry  : Running the evict task with compensationTime 3ms
2026-01-13T15:48:21.095+05:30  INFO 33070 --- [a-EvictionTimer] c.n.e.registry.AbstractInstanceRegistry  : Running the evict task with compensationTime 2ms
2026-01-13T15:49:21.095+05:30  INFO 33070 --- [a-EvictionTimer] c.n.e.registry.AbstractInstanceRegistry  : Running the evict task with compensationTime 1ms
2026-01-13T15:50:21.122+05:30  INFO 33070 --- [a-EvictionTimer] c.n.e.registry.AbstractInstanceRegistry  : Running the evict task with compensationTime 23ms
2026-01-13T15:51:07.133+05:30  INFO 33070 --- [nio-8761-exec-4] c.n.e.registry.AbstractInstanceRegistry  : Registered instance USER-MANAGEMENT-SERVICE/192.168.29.221:user-management-service:8081 with status DOWN (replication=false)
2026-01-13T15:51:07.650+05:30  INFO 33070 --- [nio-8761-exec-9] c.n.e.registry.AbstractInstanceRegistry  : Registered instance USER-MANAGEMENT-SERVICE/192.168.29.221:user-management-service:8081 with status DOWN (replication=true)
2026-01-13T15:51:10.609+05:30  INFO 33070 --- [nio-8761-exec-8] c.n.e.registry.AbstractInstanceRegistry  : Cancelled instance USER-MANAGEMENT-SERVICE/192.168.29.221:user-management-service:8081 (replication=false)
2026-01-13T15:51:11.174+05:30  WARN 33070 --- [io-8761-exec-10] c.n.e.registry.AbstractInstanceRegistry  : DS: Registry: cancel failed because Lease is not registered for: USER-MANAGEMENT-SERVICE/192.168.29.221:user-management-service:8081
2026-01-13T15:51:11.174+05:30  INFO 33070 --- [io-8761-exec-10] c.n.eureka.resources.InstanceResource    : Not Found (Cancel): USER-MANAGEMENT-SERVICE - 192.168.29.221:user-management-service:8081
2026-01-13T15:51:11.179+05:30  WARN 33070 --- [et_localhost-17] c.n.eureka.cluster.ReplicationTask       : The replication of task USER-MANAGEMENT-SERVICE/192.168.29.221:user-management-service:8081:Cancel@localhost failed with response code 404
2026-01-13T15:51:11.179+05:30  WARN 33070 --- [et_localhost-17] c.netflix.eureka.cluster.PeerEurekaNode  : USER-MANAGEMENT-SERVICE/192.168.29.221:user-management-service:8081:Cancel@localhost: missing entry.
2026-01-13T15:51:20.836+05:30  INFO 33070 --- [nio-8761-exec-2] c.n.e.registry.AbstractInstanceRegistry  : Registered instance USER-MANAGEMENT-SERVICE/192.168.29.221:user-management-service:8081 with status UP (replication=false)
2026-01-13T15:51:21.115+05:30  INFO 33070 --- [a-EvictionTimer] c.n.e.registry.AbstractInstanceRegistry  : Running the evict task with compensationTime 0ms
2026-01-13T15:51:21.343+05:30  INFO 33070 --- [nio-8761-exec-4] c.n.e.registry.AbstractInstanceRegistry  : Registered instance USER-MANAGEMENT-SERVICE/192.168.29.221:user-management-service:8081 with status UP (replication=true)
2026-01-13T15:52:21.120+05:30  INFO 33070 --- [a-EvictionTimer] c.n.e.registry.AbstractInstanceRegistry  : Running the evict task with compensationTime 5ms
2026-01-13T15:53:21.126+05:30  INFO 33070 --- [a-EvictionTimer] c.n.e.registry.AbstractInstanceRegistry  : Running the evict task with compensationTime 5ms
2026-01-13T15:54:21.134+05:30  INFO 33070 --- [a-EvictionTimer] c.n.e.registry.AbstractInstanceRegistry  : Running the evict task with compensationTime 5ms
2026-01-13T15:55:21.142+05:30  INFO 33070 --- [a-EvictionTimer] c.n.e.registry.AbstractInstanceRegistry  : Running the evict task with compensationTime 5ms
2026-01-13T15:56:21.040+05:30  INFO 33070 --- [hresholdUpdater] c.n.e.r.PeerAwareInstanceRegistryImpl    : Current renewal threshold is : 5
2026-01-13T15:56:21.145+05:30  INFO 33070 --- [a-EvictionTimer] c.n.e.registry.AbstractInstanceRegistry  : Running the evict task with compensationTime 4ms
2026-01-13T15:57:21.149+05:30  INFO 33070 --- [a-EvictionTimer] c.n.e.registry.AbstractInstanceRegistry  : Running the evict task with compensationTime 4ms
2026-01-13T15:58:21.153+05:30  INFO 33070 --- [a-EvictionTimer] c.n.e.registry.AbstractInstanceRegistry  : Running the evict task with compensationTime 5ms
2026-01-13T15:59:21.156+05:30  INFO 33070 --- [a-EvictionTimer] c.n.e.registry.AbstractInstanceRegistry  : Running the evict task with compensationTime 4ms
2026-01-13T16:00:21.158+05:30  INFO 33070 --- [a-EvictionTimer] c.n.e.registry.AbstractInstanceRegistry  : Running the evict task with compensationTime 3ms
2026-01-13T16:01:21.159+05:30  INFO 33070 --- [a-EvictionTimer] c.n.e.registry.AbstractInstanceRegistry  : Running the evict task with compensationTime 1ms
2026-01-13T16:02:21.162+05:30  INFO 33070 --- [a-EvictionTimer] c.n.e.registry.AbstractInstanceRegistry  : Running the evict task with compensationTime 4ms
2026-01-13T16:03:21.166+05:30  INFO 33070 --- [a-EvictionTimer] c.n.e.registry.AbstractInstanceRegistry  : Running the evict task with compensationTime 5ms
2026-01-13T16:04:21.169+05:30  INFO 33070 --- [a-EvictionTimer] c.n.e.registry.AbstractInstanceRegistry  : Running the evict task with compensationTime 3ms
2026-01-13T16:05:21.172+05:30  INFO 33070 --- [a-EvictionTimer] c.n.e.registry.AbstractInstanceRegistry  : Running the evict task with compensationTime 3ms
2026-01-13T16:05:31.594+05:30  INFO 33070 --- [ionShutdownHook] o.s.c.n.e.s.EurekaServiceRegistry        : Unregistering application UNKNOWN with eureka with status DOWN
2026-01-13T16:05:31.664+05:30  INFO 33070 --- [ionShutdownHook] o.s.c.n.e.server.EurekaServerBootstrap   : Shutting down Eureka Server..
2026-01-13T16:05:31.677+05:30  INFO 33070 --- [ionShutdownHook] c.n.eureka.DefaultEurekaServerContext    : Shutting down ...
2026-01-13T16:05:31.684+05:30  INFO 33070 --- [ionShutdownHook] com.netflix.servo.monitor.StatsMonitor   : Attempting to get the value for an expired monitor: eurekaServer.replication.batchSize.Will start computing stats again.
2026-01-13T16:05:31.686+05:30  INFO 33070 --- [ionShutdownHook] com.netflix.servo.monitor.StatsMonitor   : Attempting to get the value for an expired monitor: eurekaServer.replication.executionTime.Will start computing stats again.
2026-01-13T16:05:31.687+05:30  INFO 33070 --- [ionShutdownHook] com.netflix.servo.monitor.StatsMonitor   : Attempting to get the value for an expired monitor: eurekaServer.replication.executionTime.Will start computing stats again.
2026-01-13T16:05:31.688+05:30  INFO 33070 --- [ionShutdownHook] com.netflix.servo.monitor.StatsMonitor   : Attempting to get the value for an expired monitor: eurekaServer.replication.batchSize.Will start computing stats again.
2026-01-13T16:05:31.723+05:30  INFO 33070 --- [ionShutdownHook] c.n.eureka.DefaultEurekaServerContext    : Shut down
2026-01-13T16:05:31.723+05:30  INFO 33070 --- [ionShutdownHook] o.s.c.n.e.server.EurekaServerBootstrap   : Eureka Service is now shutdown...
2026-01-13T16:05:31.724+05:30  INFO 33070 --- [ionShutdownHook] c.n.eureka.DefaultEurekaServerContext    : Shutting down ...
2026-01-13T16:05:31.741+05:30  INFO 33070 --- [ionShutdownHook] c.n.eureka.DefaultEurekaServerContext    : Shut down
2026-01-13T16:05:31.760+05:30  INFO 33070 --- [ionShutdownHook] com.netflix.discovery.DiscoveryClient    : Shutting down DiscoveryClient ...
2026-01-13T16:05:31.765+05:30  INFO 33070 --- [ionShutdownHook] com.netflix.discovery.DiscoveryClient    : Completed shut down of DiscoveryClient
